<?xml version="1.0" encoding="UTF-8"?>
<!-- Generated by org.testng.reporters.JUnitXMLReporter -->
<testsuite hostname="Vilas" ignored="0" name="Default test" tests="8" failures="0" timestamp="18 Aug 2019 05:58:28 GMT" time="425.803" errors="0">
  <testcase name="step1" time="1.417" classname="com.swissotel.testcases.SWBooking"/>
  <testcase name="step2" time="53.199" classname="com.swissotel.testcases.SWBooking"/>
  <testcase name="step3" time="48.187" classname="com.swissotel.testcases.SWBooking"/>
  <testcase name="step4" time="52.151" classname="com.swissotel.testcases.SWBooking"/>
  <testcase name="step5" time="50.547" classname="com.swissotel.testcases.SWBooking"/>
  <testcase name="details" time="46.507" classname="com.swissotel.testcases.SWBooking"/>
  <testcase name="modify" time="48.693" classname="com.swissotel.testcases.SWBooking"/>
  <testcase name="cancel" time="78.263" classname="com.swissotel.testcases.SWBooking"/>
</testsuite> <!-- Default test -->
