<?xml version="1.0" encoding="UTF-8"?>
<!-- Generated by org.testng.reporters.JUnitXMLReporter -->
<testsuite hostname="vilasp-w8" ignored="0" name="Default test" tests="8" failures="0" timestamp="20 Aug 2019 09:06:14 GMT" time="323.057" errors="0">
  <testcase name="step1" time="30.557" classname="com.swissotel.testcases.SWBooking"/>
  <testcase name="step2" time="27.678" classname="com.swissotel.testcases.SWBooking"/>
  <testcase name="step3" time="33.367" classname="com.swissotel.testcases.SWBooking"/>
  <testcase name="step4" time="50.158" classname="com.swissotel.testcases.SWBooking"/>
  <testcase name="step5" time="37.356" classname="com.swissotel.testcases.SWBooking"/>
  <testcase name="details" time="31.917" classname="com.swissotel.testcases.SWBooking"/>
  <testcase name="modify" time="29.213" classname="com.swissotel.testcases.SWBooking"/>
  <testcase name="cancel" time="64.717" classname="com.swissotel.testcases.SWBooking"/>
</testsuite> <!-- Default test -->
