<?xml version="1.0" encoding="UTF-8"?>
<testng-results skipped="0" failed="0" ignored="0" total="8" passed="8">
  <reporter-output>
  </reporter-output>
  <suite name="Default suite" duration-ms="425803" started-at="2019-08-18T05:51:22Z" finished-at="2019-08-18T05:58:28Z">
    <groups>
    </groups>
    <test name="Default test" duration-ms="425803" started-at="2019-08-18T05:51:22Z" finished-at="2019-08-18T05:58:28Z">
      <class name="com.swissotel.testcases.SWBooking">
        <test-method status="PASS" signature="setUpSuite()[pri:0, instance:com.swissotel.testcases.SWBooking@136e637]" name="setUpSuite" is-config="true" duration-ms="235" started-at="2019-08-18T05:51:22Z" finished-at="2019-08-18T05:51:22Z">
          <reporter-output>
          </reporter-output>
        </test-method> <!-- setUpSuite -->
        <test-method status="PASS" signature="startBrowser()[pri:0, instance:com.swissotel.testcases.SWBooking@136e637]" name="startBrowser" is-config="true" duration-ms="38250" started-at="2019-08-18T05:51:22Z" finished-at="2019-08-18T05:52:01Z">
          <reporter-output>
          </reporter-output>
        </test-method> <!-- startBrowser -->
        <test-method status="PASS" signature="step1()[pri:1, instance:com.swissotel.testcases.SWBooking@136e637]" name="step1" duration-ms="1417" started-at="2019-08-18T05:52:01Z" description="Navigate to Step01" finished-at="2019-08-18T05:52:02Z">
          <reporter-output>
          </reporter-output>
        </test-method> <!-- step1 -->
        <test-method status="PASS" signature="tearDown(org.testng.ITestResult)[pri:0, instance:com.swissotel.testcases.SWBooking@136e637]" name="tearDown" is-config="true" duration-ms="477" started-at="2019-08-18T05:52:02Z" finished-at="2019-08-18T05:52:02Z">
          <params>
            <param index="0">
              <value>
                <![CDATA[[TestResult name=step1 status=SUCCESS method=SWBooking.step1()[pri:1, instance:com.swissotel.testcases.SWBooking@136e637] output={null}]]]>
              </value>
            </param>
          </params>
          <reporter-output>
          </reporter-output>
        </test-method> <!-- tearDown -->
        <test-method status="PASS" signature="step2()[pri:2, instance:com.swissotel.testcases.SWBooking@136e637]" name="step2" duration-ms="53199" started-at="2019-08-18T05:52:02Z" description="Navigate to Step02" depends-on-methods="com.swissotel.testcases.SWBooking.step1" finished-at="2019-08-18T05:52:56Z">
          <reporter-output>
          </reporter-output>
        </test-method> <!-- step2 -->
        <test-method status="PASS" signature="tearDown(org.testng.ITestResult)[pri:0, instance:com.swissotel.testcases.SWBooking@136e637]" name="tearDown" is-config="true" duration-ms="125" started-at="2019-08-18T05:52:56Z" finished-at="2019-08-18T05:52:56Z">
          <params>
            <param index="0">
              <value>
                <![CDATA[[TestResult name=step2 status=SUCCESS method=SWBooking.step2()[pri:2, instance:com.swissotel.testcases.SWBooking@136e637] output={null}]]]>
              </value>
            </param>
          </params>
          <reporter-output>
          </reporter-output>
        </test-method> <!-- tearDown -->
        <test-method status="PASS" signature="step3()[pri:3, instance:com.swissotel.testcases.SWBooking@136e637]" name="step3" duration-ms="48187" started-at="2019-08-18T05:52:56Z" description="Navigate to Step03" depends-on-methods="com.swissotel.testcases.SWBooking.step2" finished-at="2019-08-18T05:53:44Z">
          <reporter-output>
          </reporter-output>
        </test-method> <!-- step3 -->
        <test-method status="PASS" signature="tearDown(org.testng.ITestResult)[pri:0, instance:com.swissotel.testcases.SWBooking@136e637]" name="tearDown" is-config="true" duration-ms="172" started-at="2019-08-18T05:53:44Z" finished-at="2019-08-18T05:53:44Z">
          <params>
            <param index="0">
              <value>
                <![CDATA[[TestResult name=step3 status=SUCCESS method=SWBooking.step3()[pri:3, instance:com.swissotel.testcases.SWBooking@136e637] output={null}]]]>
              </value>
            </param>
          </params>
          <reporter-output>
          </reporter-output>
        </test-method> <!-- tearDown -->
        <test-method status="PASS" signature="step4()[pri:4, instance:com.swissotel.testcases.SWBooking@136e637]" name="step4" duration-ms="52151" started-at="2019-08-18T05:53:44Z" description="Navigate to Step04" depends-on-methods="com.swissotel.testcases.SWBooking.step3" finished-at="2019-08-18T05:54:36Z">
          <reporter-output>
          </reporter-output>
        </test-method> <!-- step4 -->
        <test-method status="PASS" signature="tearDown(org.testng.ITestResult)[pri:0, instance:com.swissotel.testcases.SWBooking@136e637]" name="tearDown" is-config="true" duration-ms="101" started-at="2019-08-18T05:54:36Z" finished-at="2019-08-18T05:54:36Z">
          <params>
            <param index="0">
              <value>
                <![CDATA[[TestResult name=step4 status=SUCCESS method=SWBooking.step4()[pri:4, instance:com.swissotel.testcases.SWBooking@136e637] output={null}]]]>
              </value>
            </param>
          </params>
          <reporter-output>
          </reporter-output>
        </test-method> <!-- tearDown -->
        <test-method status="PASS" signature="step5()[pri:5, instance:com.swissotel.testcases.SWBooking@136e637]" name="step5" duration-ms="50547" started-at="2019-08-18T05:54:36Z" description="Navigate to Step05" depends-on-methods="com.swissotel.testcases.SWBooking.step4" finished-at="2019-08-18T05:55:27Z">
          <reporter-output>
          </reporter-output>
        </test-method> <!-- step5 -->
        <test-method status="PASS" signature="tearDown(org.testng.ITestResult)[pri:0, instance:com.swissotel.testcases.SWBooking@136e637]" name="tearDown" is-config="true" duration-ms="148" started-at="2019-08-18T05:55:27Z" finished-at="2019-08-18T05:55:27Z">
          <params>
            <param index="0">
              <value>
                <![CDATA[[TestResult name=step5 status=SUCCESS method=SWBooking.step5()[pri:5, instance:com.swissotel.testcases.SWBooking@136e637] output={null}]]]>
              </value>
            </param>
          </params>
          <reporter-output>
          </reporter-output>
        </test-method> <!-- tearDown -->
        <test-method status="PASS" signature="details()[pri:6, instance:com.swissotel.testcases.SWBooking@136e637]" name="details" duration-ms="46507" started-at="2019-08-18T05:55:27Z" description="Navigate to Reservation Details Page" depends-on-methods="com.swissotel.testcases.SWBooking.step5" finished-at="2019-08-18T05:56:14Z">
          <reporter-output>
          </reporter-output>
        </test-method> <!-- details -->
        <test-method status="PASS" signature="tearDown(org.testng.ITestResult)[pri:0, instance:com.swissotel.testcases.SWBooking@136e637]" name="tearDown" is-config="true" duration-ms="125" started-at="2019-08-18T05:56:14Z" finished-at="2019-08-18T05:56:14Z">
          <params>
            <param index="0">
              <value>
                <![CDATA[[TestResult name=details status=SUCCESS method=SWBooking.details()[pri:6, instance:com.swissotel.testcases.SWBooking@136e637] output={null}]]]>
              </value>
            </param>
          </params>
          <reporter-output>
          </reporter-output>
        </test-method> <!-- tearDown -->
        <test-method status="PASS" signature="modify()[pri:7, instance:com.swissotel.testcases.SWBooking@136e637]" name="modify" duration-ms="48693" started-at="2019-08-18T05:56:14Z" description="Modify Reservation" depends-on-methods="com.swissotel.testcases.SWBooking.details" finished-at="2019-08-18T05:57:02Z">
          <reporter-output>
          </reporter-output>
        </test-method> <!-- modify -->
        <test-method status="PASS" signature="tearDown(org.testng.ITestResult)[pri:0, instance:com.swissotel.testcases.SWBooking@136e637]" name="tearDown" is-config="true" duration-ms="92" started-at="2019-08-18T05:57:02Z" finished-at="2019-08-18T05:57:02Z">
          <params>
            <param index="0">
              <value>
                <![CDATA[[TestResult name=modify status=SUCCESS method=SWBooking.modify()[pri:7, instance:com.swissotel.testcases.SWBooking@136e637] output={null}]]]>
              </value>
            </param>
          </params>
          <reporter-output>
          </reporter-output>
        </test-method> <!-- tearDown -->
        <test-method status="PASS" signature="cancel()[pri:8, instance:com.swissotel.testcases.SWBooking@136e637]" name="cancel" duration-ms="78263" started-at="2019-08-18T05:57:02Z" description="Cancel Reservation" depends-on-methods="com.swissotel.testcases.SWBooking.modify" finished-at="2019-08-18T05:58:21Z">
          <reporter-output>
          </reporter-output>
        </test-method> <!-- cancel -->
        <test-method status="PASS" signature="tearDown(org.testng.ITestResult)[pri:0, instance:com.swissotel.testcases.SWBooking@136e637]" name="tearDown" is-config="true" duration-ms="143" started-at="2019-08-18T05:58:21Z" finished-at="2019-08-18T05:58:21Z">
          <params>
            <param index="0">
              <value>
                <![CDATA[[TestResult name=cancel status=SUCCESS method=SWBooking.cancel()[pri:8, instance:com.swissotel.testcases.SWBooking@136e637] output={null}]]]>
              </value>
            </param>
          </params>
          <reporter-output>
          </reporter-output>
        </test-method> <!-- tearDown -->
        <test-method status="PASS" signature="closeApplication()[pri:0, instance:com.swissotel.testcases.SWBooking@136e637]" name="closeApplication" is-config="true" duration-ms="7201" started-at="2019-08-18T05:58:21Z" finished-at="2019-08-18T05:58:28Z">
          <reporter-output>
          </reporter-output>
        </test-method> <!-- closeApplication -->
      </class> <!-- com.swissotel.testcases.SWBooking -->
    </test> <!-- Default test -->
  </suite> <!-- Default suite -->
</testng-results>
